2019-03-13 15:03:37 Debug: 
From: dennyardhi@gmail.com
To: dennyardhi@gmail.com
X-Mailer: CakePHP Email
Date: Wed, 13 Mar 2019 15:03:36 +0700
Message-ID: <5c88b9584ab04176ab860d50cbf53a1c@localhost>
Subject: TestMail
MIME-Version: 1.0
Content-Type: text/plain; charset=UTF-8
Content-Transfer-Encoding: 8bit

UjiCobaKirimEmail


2019-03-13 15:08:34 Debug: 
From: dennyardhi@gmail.com
To: dpank.angga@gmail.com
X-Mailer: CakePHP Email
Date: Wed, 13 Mar 2019 15:08:33 +0700
Message-ID: <5c88ba8111704accb1a00d50cbf53a1c@localhost>
Subject: TestMail
MIME-Version: 1.0
Content-Type: text/plain; charset=UTF-8
Content-Transfer-Encoding: 8bit

Kirim email built in CakePHP


2019-03-13 16:27:40 Debug: 
From: dennyardhi@gmail.com
To: dpank.angga@gmail.com
X-Mailer: CakePHP Email
Date: Wed, 13 Mar 2019 16:27:39 +0700
Message-ID: <5c88cd0bc4a84ad286450d50cbf53a1c@localhost>
Subject: TestMail
MIME-Version: 1.0
Content-Type: text/plain; charset=UTF-8
Content-Transfer-Encoding: 8bit

Kirim email built in CakePHP


2019-03-13 16:50:11 Debug: 
From: dennyardhi@gmail.com
To: dpank.angga@gmail.com
X-Mailer: CakePHP Email
Date: Wed, 13 Mar 2019 16:50:10 +0700
Message-ID: <5c88d2527de44301a2e70d50cbf53a1c@localhost>
Subject: TestMail
MIME-Version: 1.0
Content-Type: text/plain; charset=UTF-8
Content-Transfer-Encoding: 8bit

Kirim email built in CakePHP


2019-03-13 16:50:22 Debug: 
From: dennyardhi@gmail.com
To: dpank.angga@gmail.com
X-Mailer: CakePHP Email
Date: Wed, 13 Mar 2019 16:50:21 +0700
Message-ID: <5c88d25dec344d5e8e080d50cbf53a1c@localhost>
Subject: TestMail
MIME-Version: 1.0
Content-Type: text/plain; charset=UTF-8
Content-Transfer-Encoding: 8bit

Kirim email built in CakePHP


